/home/AD/mmhender/anaconda3/lib/python3.7/site-packages/tensorflow/python/framework/dtypes.py:516: FutureWarning: Passing (type, 1) or '1type' as a synonym of type is deprecated; in a future version of numpy, it will be understood as (type, (1,)) / '(1,)type'.
  _np_qint8 = np.dtype([("qint8", np.int8, 1)])
/home/AD/mmhender/anaconda3/lib/python3.7/site-packages/tensorflow/python/framework/dtypes.py:517: FutureWarning: Passing (type, 1) or '1type' as a synonym of type is deprecated; in a future version of numpy, it will be understood as (type, (1,)) / '(1,)type'.
  _np_quint8 = np.dtype([("quint8", np.uint8, 1)])
/home/AD/mmhender/anaconda3/lib/python3.7/site-packages/tensorflow/python/framework/dtypes.py:518: FutureWarning: Passing (type, 1) or '1type' as a synonym of type is deprecated; in a future version of numpy, it will be understood as (type, (1,)) / '(1,)type'.
  _np_qint16 = np.dtype([("qint16", np.int16, 1)])
/home/AD/mmhender/anaconda3/lib/python3.7/site-packages/tensorflow/python/framework/dtypes.py:519: FutureWarning: Passing (type, 1) or '1type' as a synonym of type is deprecated; in a future version of numpy, it will be understood as (type, (1,)) / '(1,)type'.
  _np_quint16 = np.dtype([("quint16", np.uint16, 1)])
/home/AD/mmhender/anaconda3/lib/python3.7/site-packages/tensorflow/python/framework/dtypes.py:520: FutureWarning: Passing (type, 1) or '1type' as a synonym of type is deprecated; in a future version of numpy, it will be understood as (type, (1,)) / '(1,)type'.
  _np_qint32 = np.dtype([("qint32", np.int32, 1)])
/home/AD/mmhender/anaconda3/lib/python3.7/site-packages/tensorflow/python/framework/dtypes.py:525: FutureWarning: Passing (type, 1) or '1type' as a synonym of type is deprecated; in a future version of numpy, it will be understood as (type, (1,)) / '(1,)type'.
  np_resource = np.dtype([("resource", np.ubyte, 1)])
/home/AD/mmhender/anaconda3/lib/python3.7/site-packages/tensorboard/compat/tensorflow_stub/dtypes.py:541: FutureWarning: Passing (type, 1) or '1type' as a synonym of type is deprecated; in a future version of numpy, it will be understood as (type, (1,)) / '(1,)type'.
  _np_qint8 = np.dtype([("qint8", np.int8, 1)])
/home/AD/mmhender/anaconda3/lib/python3.7/site-packages/tensorboard/compat/tensorflow_stub/dtypes.py:542: FutureWarning: Passing (type, 1) or '1type' as a synonym of type is deprecated; in a future version of numpy, it will be understood as (type, (1,)) / '(1,)type'.
  _np_quint8 = np.dtype([("quint8", np.uint8, 1)])
/home/AD/mmhender/anaconda3/lib/python3.7/site-packages/tensorboard/compat/tensorflow_stub/dtypes.py:543: FutureWarning: Passing (type, 1) or '1type' as a synonym of type is deprecated; in a future version of numpy, it will be understood as (type, (1,)) / '(1,)type'.
  _np_qint16 = np.dtype([("qint16", np.int16, 1)])
/home/AD/mmhender/anaconda3/lib/python3.7/site-packages/tensorboard/compat/tensorflow_stub/dtypes.py:544: FutureWarning: Passing (type, 1) or '1type' as a synonym of type is deprecated; in a future version of numpy, it will be understood as (type, (1,)) / '(1,)type'.
  _np_quint16 = np.dtype([("quint16", np.uint16, 1)])
/home/AD/mmhender/anaconda3/lib/python3.7/site-packages/tensorboard/compat/tensorflow_stub/dtypes.py:545: FutureWarning: Passing (type, 1) or '1type' as a synonym of type is deprecated; in a future version of numpy, it will be understood as (type, (1,)) / '(1,)type'.
  _np_qint32 = np.dtype([("qint32", np.int32, 1)])
/home/AD/mmhender/anaconda3/lib/python3.7/site-packages/tensorboard/compat/tensorflow_stub/dtypes.py:550: FutureWarning: Passing (type, 1) or '1type' as a synonym of type is deprecated; in a future version of numpy, it will be understood as (type, (1,)) / '(1,)type'.
  np_resource = np.dtype([("resource", np.ubyte, 1)])
WARNING:tensorflow:From /cube/neurocube/local/serenceslab/maggie/tensorflow/models/research/slim/datasets/build_imagenet_data.py:708: The name tf.app.run is deprecated. Please use tf.compat.v1.app.run instead.

WARNING:tensorflow:From /cube/neurocube/local/serenceslab/maggie/tensorflow/models/research/slim/datasets/build_imagenet_data.py:628: FastGFile.__init__ (from tensorflow.python.platform.gfile) is deprecated and will be removed in a future version.
Instructions for updating:
Use tf.gfile.GFile.
W0107 18:23:32.801593 139957574264640 deprecation.py:323] From /cube/neurocube/local/serenceslab/maggie/tensorflow/models/research/slim/datasets/build_imagenet_data.py:628: FastGFile.__init__ (from tensorflow.python.platform.gfile) is deprecated and will be removed in a future version.
Instructions for updating:
Use tf.gfile.GFile.
WARNING:tensorflow:From /cube/neurocube/local/serenceslab/maggie/tensorflow/models/research/slim/datasets/build_imagenet_data.py:516: The name tf.gfile.Glob is deprecated. Please use tf.io.gfile.glob instead.

W0107 18:23:38.028830 139957574264640 deprecation_wrapper.py:119] From /cube/neurocube/local/serenceslab/maggie/tensorflow/models/research/slim/datasets/build_imagenet_data.py:516: The name tf.gfile.Glob is deprecated. Please use tf.io.gfile.glob instead.

Saving results to /cube/neurocube/local/serenceslab/maggie/biasCNN/datasets/ImageNet/ILSVRC2012/tfrecord_rot_45_square/
Successfully read 615299 bounding boxes across 544546 images.
Determining list of input files and labels from /cube/neurocube/local/serenceslab/maggie/biasCNN/images/ImageNet/ILSVRC2012/validation_rot_45_square/.
Finished finding files in 100 of 1000 classes.
Finished finding files in 200 of 1000 classes.
Finished finding files in 300 of 1000 classes.
Finished finding files in 400 of 1000 classes.
Finished finding files in 500 of 1000 classes.
Finished finding files in 600 of 1000 classes.
Finished finding files in 700 of 1000 classes.
Finished finding files in 800 of 1000 classes.
Finished finding files in 900 of 1000 classes.
Finished finding files in 1000 of 1000 classes.
Found 50000 JPEG files across 1000 labels inside /cube/neurocube/local/serenceslab/maggie/biasCNN/images/ImageNet/ILSVRC2012/validation_rot_45_square/.
Found 0 images with bboxes out of 50000 images
Launching 8 threads for spacings: [[0, 6250], [6250, 12500], [12500, 18750], [18750, 25000], [25000, 31250], [31250, 37500], [37500, 43750], [43750, 50000]]
WARNING:tensorflow:From /cube/neurocube/local/serenceslab/maggie/tensorflow/models/research/slim/datasets/build_imagenet_data.py:236: The name tf.Session is deprecated. Please use tf.compat.v1.Session instead.

W0107 18:23:56.368157 139957574264640 deprecation_wrapper.py:119] From /cube/neurocube/local/serenceslab/maggie/tensorflow/models/research/slim/datasets/build_imagenet_data.py:236: The name tf.Session is deprecated. Please use tf.compat.v1.Session instead.

2020-01-07 18:23:56.394083: I tensorflow/stream_executor/platform/default/dso_loader.cc:42] Successfully opened dynamic library libcuda.so.1
2020-01-07 18:23:58.517768: I tensorflow/core/common_runtime/gpu/gpu_device.cc:1640] Found device 0 with properties: 
name: Tesla K40c major: 3 minor: 5 memoryClockRate(GHz): 0.745
pciBusID: 0000:03:00.0
2020-01-07 18:23:58.545982: I tensorflow/stream_executor/platform/default/dso_loader.cc:42] Successfully opened dynamic library libcudart.so.10.1
2020-01-07 18:23:58.968907: I tensorflow/stream_executor/platform/default/dso_loader.cc:42] Successfully opened dynamic library libcublas.so.10
2020-01-07 18:23:59.376843: I tensorflow/stream_executor/platform/default/dso_loader.cc:42] Successfully opened dynamic library libcufft.so.10
2020-01-07 18:23:59.986832: I tensorflow/stream_executor/platform/default/dso_loader.cc:42] Successfully opened dynamic library libcurand.so.10
2020-01-07 18:24:00.531413: I tensorflow/stream_executor/platform/default/dso_loader.cc:42] Successfully opened dynamic library libcusolver.so.10
2020-01-07 18:24:00.803227: I tensorflow/stream_executor/platform/default/dso_loader.cc:42] Successfully opened dynamic library libcusparse.so.10
2020-01-07 18:24:01.526128: I tensorflow/stream_executor/platform/default/dso_loader.cc:42] Successfully opened dynamic library libcudnn.so.7
2020-01-07 18:24:01.529661: I tensorflow/core/common_runtime/gpu/gpu_device.cc:1763] Adding visible gpu devices: 0
2020-01-07 18:24:01.530729: I tensorflow/core/platform/cpu_feature_guard.cc:142] Your CPU supports instructions that this TensorFlow binary was not compiled to use: SSE4.1 SSE4.2 AVX
2020-01-07 18:24:01.560344: I tensorflow/core/platform/profile_utils/cpu_utils.cc:94] CPU Frequency: 2100030000 Hz
2020-01-07 18:24:01.562486: I tensorflow/compiler/xla/service/service.cc:168] XLA service 0x55cd3ba20260 executing computations on platform Host. Devices:
2020-01-07 18:24:01.562528: I tensorflow/compiler/xla/service/service.cc:175]   StreamExecutor device (0): <undefined>, <undefined>
2020-01-07 18:24:01.563838: I tensorflow/core/common_runtime/gpu/gpu_device.cc:1640] Found device 0 with properties: 
name: Tesla K40c major: 3 minor: 5 memoryClockRate(GHz): 0.745
pciBusID: 0000:03:00.0
2020-01-07 18:24:01.563888: I tensorflow/stream_executor/platform/default/dso_loader.cc:42] Successfully opened dynamic library libcudart.so.10.1
2020-01-07 18:24:01.563921: I tensorflow/stream_executor/platform/default/dso_loader.cc:42] Successfully opened dynamic library libcublas.so.10
2020-01-07 18:24:01.563951: I tensorflow/stream_executor/platform/default/dso_loader.cc:42] Successfully opened dynamic library libcufft.so.10
2020-01-07 18:24:01.563981: I tensorflow/stream_executor/platform/default/dso_loader.cc:42] Successfully opened dynamic library libcurand.so.10
2020-01-07 18:24:01.564047: I tensorflow/stream_executor/platform/default/dso_loader.cc:42] Successfully opened dynamic library libcusolver.so.10
2020-01-07 18:24:01.564081: I tensorflow/stream_executor/platform/default/dso_loader.cc:42] Successfully opened dynamic library libcusparse.so.10
2020-01-07 18:24:01.564113: I tensorflow/stream_executor/platform/default/dso_loader.cc:42] Successfully opened dynamic library libcudnn.so.7
2020-01-07 18:24:01.566230: I tensorflow/core/common_runtime/gpu/gpu_device.cc:1763] Adding visible gpu devices: 0
2020-01-07 18:24:01.566292: I tensorflow/stream_executor/platform/default/dso_loader.cc:42] Successfully opened dynamic library libcudart.so.10.1
2020-01-07 18:24:01.627200: I tensorflow/core/common_runtime/gpu/gpu_device.cc:1181] Device interconnect StreamExecutor with strength 1 edge matrix:
2020-01-07 18:24:01.627251: I tensorflow/core/common_runtime/gpu/gpu_device.cc:1187]      0 
2020-01-07 18:24:01.627264: I tensorflow/core/common_runtime/gpu/gpu_device.cc:1200] 0:   N 
2020-01-07 18:24:01.630299: I tensorflow/core/common_runtime/gpu/gpu_device.cc:1326] Created TensorFlow device (/job:localhost/replica:0/task:0/device:GPU:0 with 10798 MB memory) -> physical GPU (device: 0, name: Tesla K40c, pci bus id: 0000:03:00.0, compute capability: 3.5)
2020-01-07 18:24:01.632948: I tensorflow/compiler/xla/service/service.cc:168] XLA service 0x55cd3f4985d0 executing computations on platform CUDA. Devices:
2020-01-07 18:24:01.632973: I tensorflow/compiler/xla/service/service.cc:175]   StreamExecutor device (0): Tesla K40c, Compute Capability 3.5
WARNING:tensorflow:From /cube/neurocube/local/serenceslab/maggie/tensorflow/models/research/slim/datasets/build_imagenet_data.py:239: The name tf.placeholder is deprecated. Please use tf.compat.v1.placeholder instead.

W0107 18:24:01.635051 139957574264640 deprecation_wrapper.py:119] From /cube/neurocube/local/serenceslab/maggie/tensorflow/models/research/slim/datasets/build_imagenet_data.py:239: The name tf.placeholder is deprecated. Please use tf.compat.v1.placeholder instead.

WARNING:tensorflow:From /cube/neurocube/local/serenceslab/maggie/tensorflow/models/research/slim/datasets/build_imagenet_data.py:381: The name tf.python_io.TFRecordWriter is deprecated. Please use tf.io.TFRecordWriter instead.

W0107 18:24:01.644473 139948522977024 deprecation_wrapper.py:119] From /cube/neurocube/local/serenceslab/maggie/tensorflow/models/research/slim/datasets/build_imagenet_data.py:381: The name tf.python_io.TFRecordWriter is deprecated. Please use tf.io.TFRecordWriter instead.

WARNING:tensorflow:From /cube/neurocube/local/serenceslab/maggie/tensorflow/models/research/slim/datasets/build_imagenet_data.py:381: The name tf.python_io.TFRecordWriter is deprecated. Please use tf.io.TFRecordWriter instead.

W0107 18:24:01.645104 139948514584320 deprecation_wrapper.py:119] From /cube/neurocube/local/serenceslab/maggie/tensorflow/models/research/slim/datasets/build_imagenet_data.py:381: The name tf.python_io.TFRecordWriter is deprecated. Please use tf.io.TFRecordWriter instead.

2020-01-07 18:24:10.300853 [thread 7]: Wrote 390 images to /cube/neurocube/local/serenceslab/maggie/biasCNN/datasets/ImageNet/ILSVRC2012/tfrecord_rot_45_square/validation-00112-of-00128
2020-01-07 18:24:10.711172 [thread 2]: Wrote 390 images to /cube/neurocube/local/serenceslab/maggie/biasCNN/datasets/ImageNet/ILSVRC2012/tfrecord_rot_45_square/validation-00032-of-00128
2020-01-07 18:24:10.860874 [thread 4]: Wrote 390 images to /cube/neurocube/local/serenceslab/maggie/biasCNN/datasets/ImageNet/ILSVRC2012/tfrecord_rot_45_square/validation-00064-of-00128
2020-01-07 18:24:10.920723 [thread 0]: Wrote 390 images to /cube/neurocube/local/serenceslab/maggie/biasCNN/datasets/ImageNet/ILSVRC2012/tfrecord_rot_45_square/validation-00000-of-00128
2020-01-07 18:24:11.170164 [thread 5]: Wrote 390 images to /cube/neurocube/local/serenceslab/maggie/biasCNN/datasets/ImageNet/ILSVRC2012/tfrecord_rot_45_square/validation-00080-of-00128
2020-01-07 18:24:11.253193 [thread 6]: Wrote 390 images to /cube/neurocube/local/serenceslab/maggie/biasCNN/datasets/ImageNet/ILSVRC2012/tfrecord_rot_45_square/validation-00096-of-00128
2020-01-07 18:24:11.535277 [thread 1]: Wrote 390 images to /cube/neurocube/local/serenceslab/maggie/biasCNN/datasets/ImageNet/ILSVRC2012/tfrecord_rot_45_square/validation-00016-of-00128
2020-01-07 18:24:11.600980 [thread 3]: Wrote 390 images to /cube/neurocube/local/serenceslab/maggie/biasCNN/datasets/ImageNet/ILSVRC2012/tfrecord_rot_45_square/validation-00048-of-00128
2020-01-07 18:24:22.128527 [thread 4]: Wrote 391 images to /cube/neurocube/local/serenceslab/maggie/biasCNN/datasets/ImageNet/ILSVRC2012/tfrecord_rot_45_square/validation-00065-of-00128
2020-01-07 18:24:22.722573 [thread 2]: Wrote 391 images to /cube/neurocube/local/serenceslab/maggie/biasCNN/datasets/ImageNet/ILSVRC2012/tfrecord_rot_45_square/validation-00033-of-00128
2020-01-07 18:24:23.275478 [thread 5]: Wrote 391 images to /cube/neurocube/local/serenceslab/maggie/biasCNN/datasets/ImageNet/ILSVRC2012/tfrecord_rot_45_square/validation-00081-of-00128
2020-01-07 18:24:23.521846 [thread 0]: Wrote 391 images to /cube/neurocube/local/serenceslab/maggie/biasCNN/datasets/ImageNet/ILSVRC2012/tfrecord_rot_45_square/validation-00001-of-00128
2020-01-07 18:24:23.668193 [thread 7]: Wrote 391 images to /cube/neurocube/local/serenceslab/maggie/biasCNN/datasets/ImageNet/ILSVRC2012/tfrecord_rot_45_square/validation-00113-of-00128
2020-01-07 18:24:23.775456 [thread 6]: Wrote 391 images to /cube/neurocube/local/serenceslab/maggie/biasCNN/datasets/ImageNet/ILSVRC2012/tfrecord_rot_45_square/validation-00097-of-00128
2020-01-07 18:24:24.064441 [thread 3]: Wrote 391 images to /cube/neurocube/local/serenceslab/maggie/biasCNN/datasets/ImageNet/ILSVRC2012/tfrecord_rot_45_square/validation-00049-of-00128
2020-01-07 18:24:24.220294 [thread 1]: Wrote 391 images to /cube/neurocube/local/serenceslab/maggie/biasCNN/datasets/ImageNet/ILSVRC2012/tfrecord_rot_45_square/validation-00017-of-00128
2020-01-07 18:24:29.590219 [thread 2]: Processed 1000 of 6250 images in thread batch.
2020-01-07 18:24:29.640068 [thread 4]: Processed 1000 of 6250 images in thread batch.
2020-01-07 18:24:29.787420 [thread 0]: Processed 1000 of 6250 images in thread batch.
2020-01-07 18:24:29.820624 [thread 5]: Processed 1000 of 6250 images in thread batch.
2020-01-07 18:24:29.893947 [thread 7]: Processed 1000 of 6250 images in thread batch.
2020-01-07 18:24:29.934974 [thread 6]: Processed 1000 of 6250 images in thread batch.
2020-01-07 18:24:30.239680 [thread 1]: Processed 1000 of 6250 images in thread batch.
2020-01-07 18:24:30.660590 [thread 3]: Processed 1000 of 6250 images in thread batch.
2020-01-07 18:24:34.476090 [thread 4]: Wrote 390 images to /cube/neurocube/local/serenceslab/maggie/biasCNN/datasets/ImageNet/ILSVRC2012/tfrecord_rot_45_square/validation-00066-of-00128
2020-01-07 18:24:35.009080 [thread 5]: Wrote 390 images to /cube/neurocube/local/serenceslab/maggie/biasCNN/datasets/ImageNet/ILSVRC2012/tfrecord_rot_45_square/validation-00082-of-00128
2020-01-07 18:24:35.063577 [thread 2]: Wrote 390 images to /cube/neurocube/local/serenceslab/maggie/biasCNN/datasets/ImageNet/ILSVRC2012/tfrecord_rot_45_square/validation-00034-of-00128
2020-01-07 18:24:35.267629 [thread 0]: Wrote 390 images to /cube/neurocube/local/serenceslab/maggie/biasCNN/datasets/ImageNet/ILSVRC2012/tfrecord_rot_45_square/validation-00002-of-00128
2020-01-07 18:24:35.385742 [thread 7]: Wrote 390 images to /cube/neurocube/local/serenceslab/maggie/biasCNN/datasets/ImageNet/ILSVRC2012/tfrecord_rot_45_square/validation-00114-of-00128
2020-01-07 18:24:35.443920 [thread 6]: Wrote 390 images to /cube/neurocube/local/serenceslab/maggie/biasCNN/datasets/ImageNet/ILSVRC2012/tfrecord_rot_45_square/validation-00098-of-00128
2020-01-07 18:24:35.841934 [thread 3]: Wrote 390 images to /cube/neurocube/local/serenceslab/maggie/biasCNN/datasets/ImageNet/ILSVRC2012/tfrecord_rot_45_square/validation-00050-of-00128
2020-01-07 18:24:36.021345 [thread 1]: Wrote 390 images to /cube/neurocube/local/serenceslab/maggie/biasCNN/datasets/ImageNet/ILSVRC2012/tfrecord_rot_45_square/validation-00018-of-00128
2020-01-07 18:24:46.199012 [thread 4]: Wrote 391 images to /cube/neurocube/local/serenceslab/maggie/biasCNN/datasets/ImageNet/ILSVRC2012/tfrecord_rot_45_square/validation-00067-of-00128
2020-01-07 18:24:46.927086 [thread 2]: Wrote 391 images to /cube/neurocube/local/serenceslab/maggie/biasCNN/datasets/ImageNet/ILSVRC2012/tfrecord_rot_45_square/validation-00035-of-00128
2020-01-07 18:24:47.219788 [thread 6]: Wrote 391 images to /cube/neurocube/local/serenceslab/maggie/biasCNN/datasets/ImageNet/ILSVRC2012/tfrecord_rot_45_square/validation-00099-of-00128
2020-01-07 18:24:47.341516 [thread 0]: Wrote 391 images to /cube/neurocube/local/serenceslab/maggie/biasCNN/datasets/ImageNet/ILSVRC2012/tfrecord_rot_45_square/validation-00003-of-00128
2020-01-07 18:24:47.394440 [thread 5]: Wrote 391 images to /cube/neurocube/local/serenceslab/maggie/biasCNN/datasets/ImageNet/ILSVRC2012/tfrecord_rot_45_square/validation-00083-of-00128
2020-01-07 18:24:47.512047 [thread 7]: Wrote 391 images to /cube/neurocube/local/serenceslab/maggie/biasCNN/datasets/ImageNet/ILSVRC2012/tfrecord_rot_45_square/validation-00115-of-00128
2020-01-07 18:24:47.593689 [thread 3]: Wrote 391 images to /cube/neurocube/local/serenceslab/maggie/biasCNN/datasets/ImageNet/ILSVRC2012/tfrecord_rot_45_square/validation-00051-of-00128
2020-01-07 18:24:48.796350 [thread 1]: Wrote 391 images to /cube/neurocube/local/serenceslab/maggie/biasCNN/datasets/ImageNet/ILSVRC2012/tfrecord_rot_45_square/validation-00019-of-00128
2020-01-07 18:24:58.383806 [thread 4]: Wrote 391 images to /cube/neurocube/local/serenceslab/maggie/biasCNN/datasets/ImageNet/ILSVRC2012/tfrecord_rot_45_square/validation-00068-of-00128
2020-01-07 18:24:59.609349 [thread 6]: Wrote 391 images to /cube/neurocube/local/serenceslab/maggie/biasCNN/datasets/ImageNet/ILSVRC2012/tfrecord_rot_45_square/validation-00100-of-00128
2020-01-07 18:24:59.721935 [thread 3]: Wrote 391 images to /cube/neurocube/local/serenceslab/maggie/biasCNN/datasets/ImageNet/ILSVRC2012/tfrecord_rot_45_square/validation-00052-of-00128
2020-01-07 18:24:59.932877 [thread 2]: Wrote 391 images to /cube/neurocube/local/serenceslab/maggie/biasCNN/datasets/ImageNet/ILSVRC2012/tfrecord_rot_45_square/validation-00036-of-00128
2020-01-07 18:25:00.093041 [thread 5]: Wrote 391 images to /cube/neurocube/local/serenceslab/maggie/biasCNN/datasets/ImageNet/ILSVRC2012/tfrecord_rot_45_square/validation-00084-of-00128
2020-01-07 18:25:00.170050 [thread 4]: Processed 2000 of 6250 images in thread batch.
2020-01-07 18:25:00.297039 [thread 7]: Wrote 391 images to /cube/neurocube/local/serenceslab/maggie/biasCNN/datasets/ImageNet/ILSVRC2012/tfrecord_rot_45_square/validation-00116-of-00128
2020-01-07 18:25:00.353955 [thread 0]: Wrote 391 images to /cube/neurocube/local/serenceslab/maggie/biasCNN/datasets/ImageNet/ILSVRC2012/tfrecord_rot_45_square/validation-00004-of-00128
2020-01-07 18:25:00.949282 [thread 6]: Processed 2000 of 6250 images in thread batch.
2020-01-07 18:25:01.238261 [thread 1]: Wrote 391 images to /cube/neurocube/local/serenceslab/maggie/biasCNN/datasets/ImageNet/ILSVRC2012/tfrecord_rot_45_square/validation-00020-of-00128
2020-01-07 18:25:01.328891 [thread 5]: Processed 2000 of 6250 images in thread batch.
2020-01-07 18:25:01.373581 [thread 2]: Processed 2000 of 6250 images in thread batch.
2020-01-07 18:25:01.382103 [thread 3]: Processed 2000 of 6250 images in thread batch.
2020-01-07 18:25:01.522513 [thread 7]: Processed 2000 of 6250 images in thread batch.
2020-01-07 18:25:01.556569 [thread 0]: Processed 2000 of 6250 images in thread batch.
2020-01-07 18:25:02.269673 [thread 1]: Processed 2000 of 6250 images in thread batch.
2020-01-07 18:25:10.615106 [thread 4]: Wrote 390 images to /cube/neurocube/local/serenceslab/maggie/biasCNN/datasets/ImageNet/ILSVRC2012/tfrecord_rot_45_square/validation-00069-of-00128
2020-01-07 18:25:11.434936 [thread 6]: Wrote 390 images to /cube/neurocube/local/serenceslab/maggie/biasCNN/datasets/ImageNet/ILSVRC2012/tfrecord_rot_45_square/validation-00101-of-00128
2020-01-07 18:25:12.123328 [thread 3]: Wrote 390 images to /cube/neurocube/local/serenceslab/maggie/biasCNN/datasets/ImageNet/ILSVRC2012/tfrecord_rot_45_square/validation-00053-of-00128
2020-01-07 18:25:12.259678 [thread 0]: Wrote 390 images to /cube/neurocube/local/serenceslab/maggie/biasCNN/datasets/ImageNet/ILSVRC2012/tfrecord_rot_45_square/validation-00005-of-00128
2020-01-07 18:25:12.313256 [thread 5]: Wrote 390 images to /cube/neurocube/local/serenceslab/maggie/biasCNN/datasets/ImageNet/ILSVRC2012/tfrecord_rot_45_square/validation-00085-of-00128
2020-01-07 18:25:12.508830 [thread 2]: Wrote 390 images to /cube/neurocube/local/serenceslab/maggie/biasCNN/datasets/ImageNet/ILSVRC2012/tfrecord_rot_45_square/validation-00037-of-00128
2020-01-07 18:25:12.625052 [thread 7]: Wrote 390 images to /cube/neurocube/local/serenceslab/maggie/biasCNN/datasets/ImageNet/ILSVRC2012/tfrecord_rot_45_square/validation-00117-of-00128
2020-01-07 18:25:12.888137 [thread 1]: Wrote 390 images to /cube/neurocube/local/serenceslab/maggie/biasCNN/datasets/ImageNet/ILSVRC2012/tfrecord_rot_45_square/validation-00021-of-00128
2020-01-07 18:25:22.640962 [thread 4]: Wrote 391 images to /cube/neurocube/local/serenceslab/maggie/biasCNN/datasets/ImageNet/ILSVRC2012/tfrecord_rot_45_square/validation-00070-of-00128
2020-01-07 18:25:23.578036 [thread 6]: Wrote 391 images to /cube/neurocube/local/serenceslab/maggie/biasCNN/datasets/ImageNet/ILSVRC2012/tfrecord_rot_45_square/validation-00102-of-00128
2020-01-07 18:25:23.794407 [thread 1]: Wrote 391 images to /cube/neurocube/local/serenceslab/maggie/biasCNN/datasets/ImageNet/ILSVRC2012/tfrecord_rot_45_square/validation-00022-of-00128
2020-01-07 18:25:24.280807 [thread 0]: Wrote 391 images to /cube/neurocube/local/serenceslab/maggie/biasCNN/datasets/ImageNet/ILSVRC2012/tfrecord_rot_45_square/validation-00006-of-00128
2020-01-07 18:25:25.023858 [thread 7]: Wrote 391 images to /cube/neurocube/local/serenceslab/maggie/biasCNN/datasets/ImageNet/ILSVRC2012/tfrecord_rot_45_square/validation-00118-of-00128
2020-01-07 18:25:25.201982 [thread 5]: Wrote 391 images to /cube/neurocube/local/serenceslab/maggie/biasCNN/datasets/ImageNet/ILSVRC2012/tfrecord_rot_45_square/validation-00086-of-00128
2020-01-07 18:25:25.387723 [thread 3]: Wrote 391 images to /cube/neurocube/local/serenceslab/maggie/biasCNN/datasets/ImageNet/ILSVRC2012/tfrecord_rot_45_square/validation-00054-of-00128
2020-01-07 18:25:25.441672 [thread 2]: Wrote 391 images to /cube/neurocube/local/serenceslab/maggie/biasCNN/datasets/ImageNet/ILSVRC2012/tfrecord_rot_45_square/validation-00038-of-00128
2020-01-07 18:25:31.243397 [thread 4]: Processed 3000 of 6250 images in thread batch.
2020-01-07 18:25:32.245869 [thread 6]: Processed 3000 of 6250 images in thread batch.
2020-01-07 18:25:32.405612 [thread 1]: Processed 3000 of 6250 images in thread batch.
2020-01-07 18:25:32.800420 [thread 0]: Processed 3000 of 6250 images in thread batch.
2020-01-07 18:25:32.866470 [thread 2]: Processed 3000 of 6250 images in thread batch.
2020-01-07 18:25:32.951875 [thread 7]: Processed 3000 of 6250 images in thread batch.
2020-01-07 18:25:33.002865 [thread 5]: Processed 3000 of 6250 images in thread batch.
2020-01-07 18:25:33.239776 [thread 3]: Processed 3000 of 6250 images in thread batch.
2020-01-07 18:25:35.340651 [thread 4]: Wrote 391 images to /cube/neurocube/local/serenceslab/maggie/biasCNN/datasets/ImageNet/ILSVRC2012/tfrecord_rot_45_square/validation-00071-of-00128
2020-01-07 18:25:36.407274 [thread 6]: Wrote 391 images to /cube/neurocube/local/serenceslab/maggie/biasCNN/datasets/ImageNet/ILSVRC2012/tfrecord_rot_45_square/validation-00103-of-00128
2020-01-07 18:25:36.464435 [thread 1]: Wrote 391 images to /cube/neurocube/local/serenceslab/maggie/biasCNN/datasets/ImageNet/ILSVRC2012/tfrecord_rot_45_square/validation-00023-of-00128
2020-01-07 18:25:37.093997 [thread 0]: Wrote 391 images to /cube/neurocube/local/serenceslab/maggie/biasCNN/datasets/ImageNet/ILSVRC2012/tfrecord_rot_45_square/validation-00007-of-00128
2020-01-07 18:25:37.424160 [thread 7]: Wrote 391 images to /cube/neurocube/local/serenceslab/maggie/biasCNN/datasets/ImageNet/ILSVRC2012/tfrecord_rot_45_square/validation-00119-of-00128
2020-01-07 18:25:37.549822 [thread 5]: Wrote 391 images to /cube/neurocube/local/serenceslab/maggie/biasCNN/datasets/ImageNet/ILSVRC2012/tfrecord_rot_45_square/validation-00087-of-00128
2020-01-07 18:25:37.551803 [thread 2]: Wrote 391 images to /cube/neurocube/local/serenceslab/maggie/biasCNN/datasets/ImageNet/ILSVRC2012/tfrecord_rot_45_square/validation-00039-of-00128
2020-01-07 18:25:38.091857 [thread 3]: Wrote 391 images to /cube/neurocube/local/serenceslab/maggie/biasCNN/datasets/ImageNet/ILSVRC2012/tfrecord_rot_45_square/validation-00055-of-00128
slurmstepd-ssrde-c-402: error: *** JOB 15848 ON ssrde-c-402 CANCELLED AT 2020-01-07T18:25:38 ***
